front_end/build/app/outputs/mapping/release/seeds.txt
com.xtrapp.the_gorgeous_login.MainActivity: MainActivity()
com.xtrapp.the_gorgeous_login.MainActivity
...
io.flutter.plugin.platform.SingleViewPresentation: io.flutter.plugin.platform.PlatformView getView()
io.flutter.embedding.android.FlutterImageView: android.view.Surface getSurface()
io.flutter.embedding.engine.systemchannels.PlatformChannel$SoundType: io.flutter.embedding.engine.systemchannels.PlatformChannel$SoundType[] values()
io.flutter.embedding.engine.FlutterJNI: void init(android.content.Context,java.lang.String[],java.lang.String,java.lang.String,java.lang.String,long)
io.flutter.embedding.engine.FlutterJNI: long performNativeAttach(io.flutter.embedding.engine.FlutterJNI,boolean)
io.flutter.view.AccessibilityBridge$Action: io.flutter.view.AccessibilityBridge$Action[] values()
io.flutter.embedding.engine.systemchannels.TextInputChannel$TextCapitalization: io.flutter.embedding.engine.systemchannels.TextInputChannel$TextCapitalization valueOf(java.lang.String)
io.flutter.embedding.engine.mutatorsstack.FlutterMutatorsStack: android.graphics.Matrix finalMatrix
io.flutter.embedding.engine.FlutterJNI: void nativeDispatchSemanticsAction(long,int,int,java.nio.ByteBuffer,int)
androidx.lifecycle.Lifecycle$Event: androidx.lifecycle.Lifecycle$Event ON_START
io.flutter.embedding.engine.systemchannels.PlatformChannel$Brightness: io.flutter.embedding.engine.systemchannels.PlatformChannel$Brightness[] values()
io.flutter.view.AccessibilityBridge$Flag: io.flutter.view.AccessibilityBridge$Flag valueOf(java.lang.String)
io.flutter.plugin.editing.TextInputPlugin$InputTarget$Type: io.flutter.plugin.editing.TextInputPlugin$InputTarget$Type valueOf(java.lang.String)
io.flutter.embedding.engine.FlutterJNI: void ensureRunningOnMainThread()
io.flutter.embedding.engine.renderer.SurfaceTextureWrapper
android.support.v4.graphics.drawable.IconCompatParcelizer
androidx.core.app.RemoteActionCompatParcelizer: RemoteActionCompatParcelizer()
android.support.v4.app.RemoteActionCompatParcelizer: androidx.core.app.RemoteActionCompat read(androidx.versionedparcelable.VersionedParcel)
io.flutter.embedding.engine.FlutterJNI: void prefetchDefaultFontManager()
io.flutter.plugin.platform.SingleViewPresentation: io.flutter.plugin.platform.SingleViewPresentation$PresentationState detachState()
io.flutter.plugins.GeneratedPluginRegistrant: void registerWith(io.flutter.embedding.engine.FlutterEngine)
io.flutter.embedding.android.FlutterActivityLaunchConfigs$BackgroundMode: io.flutter.embedding.android.FlutterActivityLaunchConfigs$BackgroundMode valueOf(java.lang.String)
io.flutter.embedding.engine.FlutterJNI: void unregisterTexture(long)
io.flutter.view.AccessibilityViewEmbedder: java.lang.Integer getRecordFlutterId(android.view.View,android.view.accessibility.AccessibilityRecord)
io.flutter.embedding.engine.FlutterJNI: void nativeSetAccessibilityFeatures(long,int)
androidx.lifecycle.Lifecycle$Event: androidx.lifecycle.Lifecycle$Event ON_CREATE
androidx.core.app.CoreComponentFactory: CoreComponentFactory()
io.flutter.plugin.editing.ImeSyncDeferringInsetsCallback: boolean access$200(io.flutter.plugin.editing.ImeSyncDeferringInsetsCallback)
androidx.annotation.Keep
io.flutter.plugin.platform.SingleViewPresentation: SingleViewPresentation(android.content.Context,android.view.Display,io.flutter.plugin.platform.PlatformViewFactory,io.flutter.plugin.platform.AccessibilityEventsDelegate,int,java.lang.Object,android.view.View$OnFocusChangeListener)
io.flutter.view.AccessibilityViewEmbedder: void addChildrenToFlutterNode(android.view.accessibility.AccessibilityNodeInfo,android.view.View,android.view.accessibility.AccessibilityNodeInfo)
androidx.versionedparcelable.ParcelImpl
io.flutter.embedding.engine.FlutterJNI: io.flutter.embedding.engine.dart.PlatformMessageHandler platformMessageHandler
androidx.core.app.RemoteActionCompatParcelizer: void write(androidx.core.app.RemoteActionCompat,androidx.versionedparcelable.VersionedParcel)
io.flutter.view.FlutterCallbackInformation: java.lang.String callbackClassName
io.flutter.embedding.engine.FlutterJNI: FlutterJNI()