front_end/build/app/outputs/mapping/release/usage.txt
com.xtrapp.the_gorgeous_login.R$color
com.xtrapp.the_gorgeous_login.R$mipmap
com.xtrapp.the_gorgeous_login.R$id
com.xtrapp.the_gorgeous_login.BuildConfig
com.xtrapp.the_gorgeous_login.R$attr
com.xtrapp.the_gorgeous_login.R$style
com.xtrapp.the_gorgeous_login.R$styleable
com.xtrapp.the_gorgeous_login.R$drawable
com.xtrapp.the_gorgeous_login.R$dimen
com.xtrapp.the_gorgeous_login.R$layout
com.xtrapp.the_gorgeous_login.R$integer
com.xtrapp.the_gorgeous_login.R
com.xtrapp.the_gorgeous_login.R$string
...
kotlin.UIntArray
androidx.annotation.DimenRes
androidx.fragment.R$layout
androidx.core.app.NotificationCompat$MessagingStyle
kotlin.coroutines.experimental.migration.ExperimentalContextMigration
kotlin.native.concurrent.SharedImmutable
androidx.loader.R$drawable
org.intellij.lang.annotations.JdkConstants$FlowLayoutAlignment
androidx.loader.R$id
androidx.viewpager.widget.ViewPager$2
kotlin.collections.CollectionsKt__CollectionsKt$binarySearchBy$1
androidx.fragment.R$attr
kotlin.io.FileTreeWalk$WalkState
kotlin.jvm.functions.Function11
io.flutter.view.FlutterView
kotlin.coroutines.experimental.migration.ExperimentalContextMigration$Key
kotlin.text.StringsKt__StringNumberConversionsKt
androidx.customview.widget.ViewDragHelper
androidx.core.view.accessibility.AccessibilityClickableSpanCompat
kotlin.jvm.internal.Intrinsics
io.flutter.embedding.engine.plugins.contentprovider.ContentProviderPluginBinding
kotlin.random.AbstractPlatformRandom
kotlin.coroutines.ContinuationInterceptor$Key
kotlin.contracts.ContractBuilder
androidx.core.provider.FontsContractCompat$2
androidx.fragment.app.Fragment$AnimationInfo
kotlin.text.StringsKt__StringsKt$splitToSequence$2
io.flutter.plugin.common.EventChannel$EventSink
kotlin.jvm.internal.IntCompanionObject
androidx.customview.R$style
io.flutter.embedding.engine.mutatorsstack.FlutterMutatorsStack$FlutterMutator:
    public void <init>(io.flutter.embedding.engine.mutatorsstack.FlutterMutatorsStack,android.graphics.Path)
    public io.flutter.embedding.engine.mutatorsstack.FlutterMutatorsStack$FlutterMutatorType getType()
    public android.graphics.Rect getRect()
    public android.graphics.Path getPath()
    private android.graphics.Path path
io.flutter.embedding.android.FlutterImageView:
    public void <init>(android.content.Context)
    public void <init>(android.content.Context,android.util.AttributeSet)
io.flutter.embedding.engine.plugins.contentprovider.ContentProviderAware:
    public abstract void onAttachedToContentProvider(io.flutter.embedding.engine.plugins.contentprovider.ContentProviderPluginBinding)
androidx.annotation.RequiresPermission$Read
androidx.versionedparcelable.CustomVersionedParcelable:
    public void onPreParceling(boolean)
    public void onPostParceling()
kotlin.collections.AbstractMutableCollection
androidx.activity.OnBackPressedDispatcher$OnBackPressedCancellable
kotlin.text.StringsKt__StringBuilderJVMKt
kotlin.collections.SetsKt___SetsKt
kotlin.time.FormatToDecimalsKt
kotlin.jvm.internal.MagicApiIntrinsics
io.flutter.embedding.android.DrawableSplashScreen$DrawableSplashScreenView:
    public void <init>(android.content.Context,android.util.AttributeSet)
kotlin.collections.AbstractList$SubList
kotlin.SuccessOrFailureKt
kotlin.jvm.JvmStatic
androidx.collection.ContainerHelpers:
    public static int idealIntArraySize(int)
    public static int idealLongArraySize(int)
    public static int idealByteArraySize(int)
    static int binarySearch(long[],int,long)
    private void <init>()
io.flutter.embedding.engine.systemchannels.SettingsChannel:
    private static final java.lang.String TAG
    public static final java.lang.String CHANNEL_NAME
    private static final java.lang.String TEXT_SCALE_FACTOR
    private static final java.lang.String ALWAYS_USE_24_HOUR_FORMAT
    private static final java.lang.String PLATFORM_BRIGHTNESS
kotlin.coroutines.intrinsics.IntrinsicsKt__IntrinsicsJvmKt$createCoroutineUnintercepted$$inlined$createCoroutineFromSuspendFunction$IntrinsicsKt__IntrinsicsJvmKt$1
kotlin.sequences.SequencesKt
kotlin.coroutines.experimental.migration.ExperimentalSuspendFunction1Migration
kotlin.jvm.internal.FunctionImpl
kotlin.collections.unsigned.UArraysKt___UArraysJvmKt$asList$3
kotlin.NumbersKt__NumbersJVMKt
kotlin.text.MatcherMatchResult
androidx.core.hardware.fingerprint.FingerprintManagerCompat$CryptoObject
kotlin.jvm.PurelyImplements
androidx.core.R$styleable
androidx.core.view.ViewCompat$ScrollAxis
androidx.annotation.HalfFloat